Performing C++ SOURCE FILE Test CMAKE_HAVE_LIBC_PTHREAD failed with the following output:
Change Dir: /home/iason/Projects/GitHub/personal_inv/BEng_Dissertation/src/C++/build/CMakeFiles/CMakeTmp

Run Build Command(s):/usr/bin/make cmTC_bf9c5/fast && /usr/bin/make -f CMakeFiles/cmTC_bf9c5.dir/build.make CMakeFiles/cmTC_bf9c5.dir/build
make[1]: Entering directory '/mnt/59ED322B2D3122CA/Projects/GitHub/personal_inv/BEng_Dissertation/src/C++/build/CMakeFiles/CMakeTmp'
Building CXX object CMakeFiles/cmTC_bf9c5.dir/src.cxx.o
/usr/bin/c++    -DCMAKE_HAVE_LIBC_PTHREAD   -o CMakeFiles/cmTC_bf9c5.dir/src.cxx.o -c /home/iason/Projects/GitHub/personal_inv/BEng_Dissertation/src/C++/build/CMakeFiles/CMakeTmp/src.cxx
Linking CXX executable cmTC_bf9c5
/usr/bin/cmake -E cmake_link_script CMakeFiles/cmTC_bf9c5.dir/link.txt --verbose=1
/usr/bin/c++   -DCMAKE_HAVE_LIBC_PTHREAD    CMakeFiles/cmTC_bf9c5.dir/src.cxx.o  -o cmTC_bf9c5 
/usr/bin/ld: CMakeFiles/cmTC_bf9c5.dir/src.cxx.o: in function `main':
src.cxx:(.text+0x46): undefined reference to `pthread_create'
/usr/bin/ld: src.cxx:(.text+0x52): undefined reference to `pthread_detach'
/usr/bin/ld: src.cxx:(.text+0x63): undefined reference to `pthread_join'
collect2: error: ld returned 1 exit status
make[1]: *** [CMakeFiles/cmTC_bf9c5.dir/build.make:87: cmTC_bf9c5] Error 1
make[1]: Leaving directory '/mnt/59ED322B2D3122CA/Projects/GitHub/personal_inv/BEng_Dissertation/src/C++/build/CMakeFiles/CMakeTmp'
make: *** [Makefile:121: cmTC_bf9c5/fast] Error 2


Source file was:
#include <pthread.h>

void* test_func(void* data)
{
  return data;
}

int main(void)
{
  pthread_t thread;
  pthread_create(&thread, NULL, test_func, NULL);
  pthread_detach(thread);
  pthread_join(thread, NULL);
  pthread_atfork(NULL, NULL, NULL);
  pthread_exit(NULL);

  return 0;
}

Determining if the function pthread_create exists in the pthreads failed with the following output:
Change Dir: /home/iason/Projects/GitHub/personal_inv/BEng_Dissertation/src/C++/build/CMakeFiles/CMakeTmp

Run Build Command(s):/usr/bin/make cmTC_caf68/fast && /usr/bin/make -f CMakeFiles/cmTC_caf68.dir/build.make CMakeFiles/cmTC_caf68.dir/build
make[1]: Entering directory '/mnt/59ED322B2D3122CA/Projects/GitHub/personal_inv/BEng_Dissertation/src/C++/build/CMakeFiles/CMakeTmp'
Building CXX object CMakeFiles/cmTC_caf68.dir/CheckFunctionExists.cxx.o
/usr/bin/c++    -DCHECK_FUNCTION_EXISTS=pthread_create   -o CMakeFiles/cmTC_caf68.dir/CheckFunctionExists.cxx.o -c /home/iason/Projects/GitHub/personal_inv/BEng_Dissertation/src/C++/build/CMakeFiles/CheckLibraryExists/CheckFunctionExists.cxx
Linking CXX executable cmTC_caf68
/usr/bin/cmake -E cmake_link_script CMakeFiles/cmTC_caf68.dir/link.txt --verbose=1
/usr/bin/c++   -DCHECK_FUNCTION_EXISTS=pthread_create    CMakeFiles/cmTC_caf68.dir/CheckFunctionExists.cxx.o  -o cmTC_caf68  -lpthreads 
/usr/bin/ld: cannot find -lpthreads
collect2: error: ld returned 1 exit status
make[1]: *** [CMakeFiles/cmTC_caf68.dir/build.make:87: cmTC_caf68] Error 1
make[1]: Leaving directory '/mnt/59ED322B2D3122CA/Projects/GitHub/personal_inv/BEng_Dissertation/src/C++/build/CMakeFiles/CMakeTmp'
make: *** [Makefile:121: cmTC_caf68/fast] Error 2



